c:\users\танюша\desktop\сапер\debug\vc120.pdb
c:\users\танюша\desktop\сапер\debug\vc120.idb
c:\users\танюша\desktop\сапер\debug\application.obj
c:\users\танюша\desktop\сапер\debug\fieldmanager.obj
c:\users\танюша\desktop\сапер\debug\field.obj
c:\users\танюша\desktop\сапер\debug\main.obj
c:\users\танюша\desktop\сапер\debug\text.obj
c:\users\танюша\desktop\сапер\debug\miner.ilk
c:\users\танюша\desktop\сапер\debug\miner.exe
c:\users\танюша\desktop\сапер\debug\miner.pdb
c:\users\танюша\desktop\сапер\debug\miner.res
c:\users\танюша\desktop\сапер\debug\miner.tlog\cl.command.1.tlog
c:\users\танюша\desktop\сапер\debug\miner.tlog\cl.read.1.tlog
c:\users\танюша\desktop\сапер\debug\miner.tlog\cl.write.1.tlog
c:\users\танюша\desktop\сапер\debug\miner.tlog\link.command.1.tlog
c:\users\танюша\desktop\сапер\debug\miner.tlog\link.read.1.tlog
c:\users\танюша\desktop\сапер\debug\miner.tlog\link.write.1.tlog
c:\users\танюша\desktop\сапер\debug\miner.tlog\rc.command.1.tlog
c:\users\танюша\desktop\сапер\debug\miner.tlog\rc.read.1.tlog
c:\users\танюша\desktop\сапер\debug\miner.tlog\rc.write.1.tlog
